C51 COMPILER V9.60.0.0   MAIN_1                                                            08/09/2021 08:57:52 PAGE 1   


C51 COMPILER V9.60.0.0, COMPILATION OF MODULE MAIN_1
OBJECT MODULE PLACED IN .\Objects\main-1.obj
COMPILER INVOKED BY: E:\Keil_v5\C51\BIN\C51.EXE main-1.c OPTIMIZE(8,SPEED) BROWSE INCDIR(..\STC15F104W) DEBUG OBJECTEXTE
                    -ND PRINT(.\Listings\main-1.lst) TABS(2) OBJECT(.\Objects\main-1.obj)

line level    source

   1          #include<reg51.h>
   2          
   3          sbit pwm1=P3^3;
   4          sbit pwm2=P3^2;
   5          
   6          sbit out1=P3^4;
   7          sbit out2=P3^5;
   8          
   9          void main()
  10          {         
  11   1         unsigned int i = 0;
  12   1      
  13   1         while(1)
  14   1         {   
  15   2           
  16   2              if(pwm1==0)
  17   2              {
  18   3                  while(pwm1==0);
  19   3                  while(pwm1==1)
  20   3                  {
  21   4                      i++;
  22   4                  }
  23   3                  if(i>0)
  24   3                  {
  25   4                      if(i<=0x0496)      //12MHz,1ms=0x0310;1.5ms=0x0496,2ms=0x0627
  26   4                      {
  27   5                          out1=0;
  28   5                      }                  
  29   4                      if(i>0x0496)                
  30   4                      {
  31   5                          out1=1;
  32   5                      }                   
  33   4                      i=0;                                                      //if(i>0)
  34   4                  }  
  35   3              }
  36   2              
  37   2              if(pwm2==0)
  38   2              {
  39   3                  while(pwm2==0);
  40   3                  while(pwm2==1)
  41   3                  {
  42   4                      i++;
  43   4                  }
  44   3                  if(i>0)
  45   3                  {
  46   4                      if(i<=0x0496)      //12MHz,1ms=0x0310;1.5ms=0x0496,2ms=0x0627
  47   4                      {
  48   5                          out2=0;
  49   5                      }                  
  50   4                      if(i>0x0496)                
  51   4                      {
  52   5                          out2=1;
  53   5                      }                   
  54   4                      i=0;                                                      //if(i>0)
C51 COMPILER V9.60.0.0   MAIN_1                                                            08/09/2021 08:57:52 PAGE 2   

  55   4                  }  
  56   3              }
  57   2          }
  58   1      }


MODULE INFORMATION:   STATIC OVERLAYABLE
   CODE SIZE        =    105    ----
   CONSTANT SIZE    =   ----    ----
   XDATA SIZE       =   ----    ----
   PDATA SIZE       =   ----    ----
   DATA SIZE        =   ----    ----
   IDATA SIZE       =   ----    ----
   BIT SIZE         =   ----    ----
END OF MODULE INFORMATION.


C51 COMPILATION COMPLETE.  0 WARNING(S),  0 ERROR(S)
